build/app/outputs/mapping/release/mapping.txt
# compiler: R8
# compiler_version: 1.5.64
# min_api: 16
# pg_map_id: ccb0be9
...
androidx.loader.app.LoaderManagerImpl$LoaderInfo -> a.d.a.b$a:
    androidx.loader.content.Loader mLoader -> l
    androidx.lifecycle.LifecycleOwner mLifecycleOwner -> m
    int mId -> j
    androidx.loader.app.LoaderManagerImpl$LoaderObserver mObserver -> n
    android.os.Bundle mArgs -> k
    androidx.loader.content.Loader mPriorLoader -> o
    androidx.loader.content.Loader destroy(boolean) -> a
    void dump(java.lang.String,java.io.FileDescriptor,java.io.PrintWriter,java.lang.String[]) -> a
    void onActive() -> a
    void removeObserver(androidx.lifecycle.Observer) -> a
    void setValue(java.lang.Object) -> a
    void onInactive() -> b
    void markForRedelivery() -> c
androidx.loader.app.LoaderManagerImpl$LoaderObserver -> a.d.a.b$b:
androidx.loader.app.LoaderManagerImpl$LoaderViewModel -> a.d.a.b$c:
    androidx.lifecycle.ViewModelProvider$Factory FACTORY -> c
    androidx.collection.SparseArrayCompat mLoaders -> b
    void dump(java.lang.String,java.io.FileDescriptor,java.io.PrintWriter,java.lang.String[]) -> a
    androidx.loader.app.LoaderManagerImpl$LoaderViewModel getInstance(androidx.lifecycle.ViewModelStore) -> a
    void onCleared() -> b
    void markForRedelivery() -> c
androidx.loader.app.LoaderManagerImpl$LoaderViewModel$1 -> a.d.a.b$c$a:
    androidx.lifecycle.ViewModel create(java.lang.Class) -> a
androidx.loader.content.Loader -> a.d.b.a:
    boolean cancelLoad() -> a
    void dump(java.lang.String,java.io.FileDescriptor,java.io.PrintWriter,java.lang.String[]) -> a
    void reset() -> b
    void startLoading() -> c
    void stopLoading() -> d
androidx.loader.content.Loader$OnLoadCompleteListener -> a.d.b.a$a:
androidx.savedstate.Recreator -> androidx.savedstate.Recreator:
    androidx.savedstate.SavedStateRegistryOwner mOwner -> a
    void onStateChanged(androidx.lifecycle.LifecycleOwner,androidx.lifecycle.Lifecycle$Event) -> a
    void reflectiveNew(java.lang.String) -> a
androidx.savedstate.SavedStateRegistry -> androidx.savedstate.SavedStateRegistry:
    android.os.Bundle mRestoredState -> b
    androidx.arch.core.internal.SafeIterableMap mComponents -> a
    boolean mRestored -> c
    boolean mAllowingSavingState -> d
    android.os.Bundle consumeRestoredStateForKey(java.lang.String) -> a
    void performRestore(androidx.lifecycle.Lifecycle,android.os.Bundle) -> a
    void performSave(android.os.Bundle) -> a
androidx.savedstate.SavedStateRegistry$1 -> androidx.savedstate.SavedStateRegistry$1:
    androidx.savedstate.SavedStateRegistry this$0 -> a
    void onStateChanged(androidx.lifecycle.LifecycleOwner,androidx.lifecycle.Lifecycle$Event) -> a
androidx.savedstate.SavedStateRegistry$AutoRecreated -> androidx.savedstate.SavedStateRegistry$a:
    void onRecreated(androidx.savedstate.SavedStateRegistryOwner) -> a
androidx.savedstate.SavedStateRegistry$SavedStateProvider -> androidx.savedstate.SavedStateRegistry$b:
    android.os.Bundle saveState() -> a
androidx.savedstate.SavedStateRegistryController -> androidx.savedstate.a:
    androidx.savedstate.SavedStateRegistryOwner mOwner -> a
    androidx.savedstate.SavedStateRegistry mRegistry -> b
    androidx.savedstate.SavedStateRegistryController create(androidx.savedstate.SavedStateRegistryOwner) -> a
    androidx.savedstate.SavedStateRegistry getSavedStateRegistry() -> a
    void performRestore(android.os.Bundle) -> a
    void performSave(android.os.Bundle) -> b
androidx.savedstate.SavedStateRegistryOwner -> androidx.savedstate.b:
    androidx.savedstate.SavedStateRegistry getSavedStateRegistry() -> f
androidx.versionedparcelable.ParcelImpl -> androidx.versionedparcelable.ParcelImpl:
    androidx.versionedparcelable.VersionedParcelable mParcel -> a
androidx.versionedparcelable.ParcelImpl$1 -> androidx.versionedparcelable.ParcelImpl$a: